<?xml version="1.0" encoding="UTF-8"?>
<testng-results skipped="0" failed="0" ignored="0" total="1" passed="1">
  <reporter-output>
  </reporter-output>
  <suite name="Default suite" duration-ms="119038" started-at="2019-12-10T03:08:14 IST" finished-at="2019-12-10T03:10:13 IST">
    <groups>
    </groups>
    <test name="Default test" duration-ms="119038" started-at="2019-12-10T03:08:14 IST" finished-at="2019-12-10T03:10:13 IST">
      <class name="Tests.SearchPageTest">
        <test-method status="PASS" signature="initialization()[pri:0, instance:Tests.SearchPageTest@578486a3]" name="initialization" is-config="true" duration-ms="76162" started-at="2019-12-10T03:06:58 IST" finished-at="2019-12-10T03:08:14 IST">
          <reporter-output>
          </reporter-output>
        </test-method> <!-- initialization -->
        <test-method status="PASS" signature="setUp()[pri:0, instance:Tests.SearchPageTest@578486a3]" name="setUp" is-config="true" duration-ms="1114" started-at="2019-12-10T03:08:14 IST" finished-at="2019-12-10T03:08:15 IST">
          <reporter-output>
          </reporter-output>
        </test-method> <!-- setUp -->
        <test-method status="PASS" signature="searchClubMahindra()[pri:0, instance:Tests.SearchPageTest@578486a3]" name="searchClubMahindra" duration-ms="116196" started-at="2019-12-10T03:08:16 IST" finished-at="2019-12-10T03:10:12 IST">
          <reporter-output>
          </reporter-output>
        </test-method> <!-- searchClubMahindra -->
        <test-method status="PASS" signature="tearDown()[pri:0, instance:Tests.SearchPageTest@578486a3]" name="tearDown" is-config="true" duration-ms="1539" started-at="2019-12-10T03:10:12 IST" finished-at="2019-12-10T03:10:13 IST">
          <reporter-output>
          </reporter-output>
        </test-method> <!-- tearDown -->
      </class> <!-- Tests.SearchPageTest -->
    </test> <!-- Default test -->
  </suite> <!-- Default suite -->
</testng-results>
